<?xml version="1.0" encoding="UTF-8"?>
<testsuite name="email.java.AppTest" tests="1" skipped="0" failures="0" errors="0" timestamp="2023-11-05T23:44:24" hostname="DESKTOP-PLB46KM" time="0.001">
  <properties/>
  <testcase name="appHasAGreeting" classname="email.java.AppTest" time="0.001"/>
  <system-out><![CDATA[]]></system-out>
  <system-err><![CDATA[]]></system-err>
</testsuite>
